
[2021-01-08 08:49:52] local.INFO: Toyota  
[2021-01-08 08:52:27] local.INFO: Toyota  
[2021-01-08 09:07:20] local.INFO: Toyota  
[2021-01-08 09:08:27] local.ERROR: Property [$makeFilter] not found on component: [car-listing] {"userId":1,"exception":"[object] (Livewire\\Exceptions\\PropertyNotFoundException(code: 0): Property [$makeFilter] not found on component: [car-listing] at /Users/malinka/development/projects/topautocam-cpanel/topautocam/vendor/livewire/livewire/src/Component.php:221)
[stacktrace]
#0 /Users/malinka/development/projects/topautocam-cpanel/topautocam/app/Http/Livewire/CarListing.php(36): Livewire\\Component->__get('makeFilter')
#1 [internal function]: App\\Http\\Livewire\\CarListing->render()
#2 /Users/malinka/development/projects/topautocam-cpanel/topautocam/vendor/laravel/framework/src/Illuminate/Container/BoundMethod.php(37): call_user_func_array(Array, Array)
#3 /Users/malinka/development/projects/topautocam-cpanel/topautocam/vendor/laravel/framework/src/Illuminate/Container/Util.php(40): Illuminate\\Container\\BoundMethod::Illuminate\\Container\\{closure}()
#4 /Users/malinka/development/projects/topautocam-cpanel/topautocam/vendor/laravel/framework/src/Illuminate/Container/BoundMethod.php(95): Illuminate\\Container\\Util::unwrapIfClosure(Object(Closure))
#5 /Users/malinka/development/projects/topautocam-cpanel/topautocam/vendor/laravel/framework/src/Illuminate/Container/BoundMethod.php(39): Illuminate\\Container\\BoundMethod::callBoundMethod(Object(Illuminate\\Foundation\\Application), Array, Object(Closure))
#6 /Users/malinka/development/projects/topautocam-cpanel/topautocam/vendor/laravel/framework/src/Illuminate/Container/Container.php(596): Illuminate\\Container\\BoundMethod::call(Object(Illuminate\\Foundation\\Application), Array, Array, NULL)
#7 /Users/malinka/development/projects/topautocam-cpanel/topautocam/vendor/livewire/livewire/src/Component.php(112): Illuminate\\Container\\Container->call(Array)
#8 /Users/malinka/development/projects/topautocam-cpanel/topautocam/vendor/livewire/livewire/src/LifecycleManager.php(110): Livewire\\Component->renderToView()
#9 /Users/malinka/development/projects/topautocam-cpanel/topautocam/vendor/livewire/livewire/src/LivewireManager.php(85): Livewire\\LifecycleManager->renderToView()
#10 /Users/malinka/development/projects/topautocam-cpanel/topautocam/vendor/laravel/framework/src/Illuminate/Support/Facades/Facade.php(261): Livewire\\LivewireManager->mount('car-listing', Array)
#11 /Users/malinka/development/projects/topautocam-cpanel/topautocam/storage/framework/views/3c8786261943f018d3a57d91ef6304f756d98c2b.php(31): Illuminate\\Support\\Facades\\Facade::__callStatic('mount', Array)
#12 /Users/malinka/development/projects/topautocam-cpanel/topautocam/vendor/laravel/framework/src/Illuminate/Filesystem/Filesystem.php(107): require('/Users/malinka/...')
#13 /Users/malinka/development/projects/topautocam-cpanel/topautocam/vendor/laravel/framework/src/Illuminate/Filesystem/Filesystem.php(108): Illuminate\\Filesystem\\Filesystem::Illuminate\\Filesystem\\{closure}()
#14 /Users/malinka/development/projects/topautocam-cpanel/topautocam/vendor/laravel/framework/src/Illuminate/View/Engines/PhpEngine.php(58): Illuminate\\Filesystem\\Filesystem->getRequire('/Users/malinka/...', Array)
#15 /Users/malinka/development/projects/topautocam-cpanel/topautocam/vendor/livewire/livewire/src/LivewireViewCompilerEngine.php(32): Illuminate\\View\\Engines\\PhpEngine->evaluatePath('/Users/malinka/...', Array)
#16 /Users/malinka/development/projects/topautocam-cpanel/topautocam/vendor/laravel/framework/src/Illuminate/View/Engines/CompilerEngine.php(61): Livewire\\LivewireViewCompilerEngine->evaluatePath('/Users/malinka/...', Array)
#17 /Users/malinka/development/projects/topautocam-cpanel/topautocam/vendor/laravel/framework/src/Illuminate/View/View.php(139): Illuminate\\View\\Engines\\CompilerEngine->get('/Users/malinka/...', Array)
#18 /Users/malinka/development/projects/topautocam-cpanel/topautocam/vendor/laravel/framework/src/Illuminate/View/View.php(122): Illuminate\\View\\View->getContents()
#19 /Users/malinka/development/projects/topautocam-cpanel/topautocam/vendor/laravel/framework/src/Illuminate/View/View.php(91): Illuminate\\View\\View->renderContents()
#20 /Users/malinka/development/projects/topautocam-cpanel/topautocam/vendor/laravel/framework/src/Illuminate/Http/Response.php(62): Illuminate\\View\\View->render()
#21 /Users/malinka/development/projects/topautocam-cpanel/topautocam/vendor/laravel/framework/src/Illuminate/Http/Response.php(34): Illuminate\\Http\\Response->setContent(Object(Illuminate\\View\\View))
#22 /Users/malinka/development/projects/topautocam-cpanel/topautocam/vendor/laravel/framework/src/Illuminate/Routing/Router.php(765): Illuminate\\Http\\Response->__construct(Object(Illuminate\\View\\View), 200, Array)
#23 /Users/malinka/development/projects/topautocam-cpanel/topautocam/vendor/laravel/framework/src/Illuminate/Routing/Router.php(737): Illuminate\\Routing\\Router::toResponse(Object(Illuminate\\Http\\Request), Object(Illuminate\\View\\View))
#24 /Users/malinka/development/projects/topautocam-cpanel/topautocam/vendor/laravel/framework/src/Illuminate/Routing/Router.php(691): Illuminate\\Routing\\Router->prepareResponse(Object(Illuminate\\Http\\Request), Object(Illuminate\\View\\View))
#25 /Users/malinka/development/projects/topautocam-cpanel/topautocam/vendor/laravel/framework/src/Illuminate/Pipeline/Pipeline.php(128): Illuminate\\Routing\\Router->Illuminate\\Routing\\{closure}(Object(Illuminate\\Http\\Request))
#26 /Users/malinka/development/projects/topautocam-cpanel/topautocam/app/Http/Middleware/SetLocale.php(27): Illuminate\\Pipeline\\Pipeline->Illuminate\\Pipeline\\{closure}(Object(Illuminate\\Http\\Request))
#27 /Users/malinka/development/projects/topautocam-cpanel/topautocam/vendor/laravel/framework/src/Illuminate/Pipeline/Pipeline.php(167): App\\Http\\Middleware\\SetLocale->handle(Object(Illuminate\\Http\\Request), Object(Closure))
#28 /Users/malinka/development/projects/topautocam-cpanel/topautocam/vendor/laravel/framework/src/Illuminate/Routing/Middleware/SubstituteBindings.php(41): Illuminate\\Pipeline\\Pipeline->Illuminate\\Pipeline\\{closure}(Object(Illuminate\\Http\\Request))
#29 /Users/malinka/development/projects/topautocam-cpanel/topautocam/vendor/laravel/framework/src/Illuminate/Pipeline/Pipeline.php(167): Illuminate\\Routing\\Middleware\\SubstituteBindings->handle(Object(Illuminate\\Http\\Request), Object(Closure))
#30 /Users/malinka/development/projects/topautocam-cpanel/topautocam/vendor/laravel/framework/src/Illuminate/Foundation/Http/Middleware/VerifyCsrfToken.php(77): Illuminate\\Pipeline\\Pipeline->Illuminate\\Pipeline\\{closure}(Object(Illuminate\\Http\\Request))
#31 /Users/malinka/development/projects/topautocam-cpanel/topautocam/vendor/laravel/framework/src/Illuminate/Pipeline/Pipeline.php(167): Illuminate\\Foundation\\Http\\Middleware\\VerifyCsrfToken->handle(Object(Illuminate\\Http\\Request), Object(Closure))
#32 /Users/malinka/development/projects/topautocam-cpanel/topautocam/vendor/laravel/framework/src/Illuminate/View/Middleware/ShareErrorsFromSession.php(49): Illuminate\\Pipeline\\Pipeline->Illuminate\\Pipeline\\{closure}(Object(Illuminate\\Http\\Request))
#33 /Users/malinka/development/projects/topautocam-cpanel/topautocam/vendor/laravel/framework/src/Illuminate/Pipeline/Pipeline.php(167): Illuminate\\View\\Middleware\\ShareErrorsFromSession->handle(Object(Illuminate\\Http\\Request), Object(Closure))
#34 /Users/malinka/development/projects/topautocam-cpanel/topautocam/vendor/laravel/framework/src/Illuminate/Session/Middleware/StartSession.php(121): Illuminate\\Pipeline\\Pipeline->Illuminate\\Pipeline\\{closure}(Object(Illuminate\\Http\\Request))
#35 /Users/malinka/development/projects/topautocam-cpanel/topautocam/vendor/laravel/framework/src/Illuminate/Session/Middleware/StartSession.php(63): Illuminate\\Session\\Middleware\\StartSession->handleStatefulRequest(Object(Illuminate\\Http\\Request), Object(Illuminate\\Session\\Store), Object(Closure))
#36 /Users/malinka/development/projects/topautocam-cpanel/topautocam/vendor/laravel/framework/src/Illuminate/Pipeline/Pipeline.php(167): Illuminate\\Session\\Middleware\\StartSession->handle(Object(Illuminate\\Http\\Request), Object(Closure))
#37 /Users/malinka/development/projects/topautocam-cpanel/topautocam/vendor/laravel/framework/src/Illuminate/Cookie/Middleware/AddQueuedCookiesToResponse.php(37): Illuminate\\Pipeline\\Pipeline->Illuminate\\Pipeline\\{closure}(Object(Illuminate\\Http\\Request))
#38 /Users/malinka/development/projects/topautocam-cpanel/topautocam/vendor/laravel/framework/src/Illuminate/Pipeline/Pipeline.php(167): Illuminate\\Cookie\\Middleware\\AddQueuedCookiesToResponse->handle(Object(Illuminate\\Http\\Request), Object(Closure))
#39 /Users/malinka/development/projects/topautocam-cpanel/topautocam/vendor/laravel/framework/src/Illuminate/Cookie/Middleware/EncryptCookies.php(67): Illuminate\\Pipeline\\Pipeline->Illuminate\\Pipeline\\{closure}(Object(Illuminate\\Http\\Request))
#40 /Users/malinka/development/projects/topautocam-cpanel/topautocam/vendor/laravel/framework/src/Illuminate/Pipeline/Pipeline.php(167): Illuminate\\Cookie\\Middleware\\EncryptCookies->handle(Object(Illuminate\\Http\\Request), Object(Closure))
#41 /Users/malinka/development/projects/topautocam-cpanel/topautocam/vendor/laravel/framework/src/Illuminate/Pipeline/Pipeline.php(103): Illuminate\\Pipeline\\Pipeline->Illuminate\\Pipeline\\{closure}(Object(Illuminate\\Http\\Request))
#42 /Users/malinka/development/projects/topautocam-cpanel/topautocam/vendor/laravel/framework/src/Illuminate/Routing/Router.php(693): Illuminate\\Pipeline\\Pipeline->then(Object(Closure))
#43 /Users/malinka/development/projects/topautocam-cpanel/topautocam/vendor/laravel/framework/src/Illuminate/Routing/Router.php(668): Illuminate\\Routing\\Router->runRouteWithinStack(Object(Illuminate\\Routing\\Route), Object(Illuminate\\Http\\Request))
#44 /Users/malinka/development/projects/topautocam-cpanel/topautocam/vendor/laravel/framework/src/Illuminate/Routing/Router.php(634): Illuminate\\Routing\\Router->runRoute(Object(Illuminate\\Http\\Request), Object(Illuminate\\Routing\\Route))
#45 /Users/malinka/development/projects/topautocam-cpanel/topautocam/vendor/laravel/framework/src/Illuminate/Routing/Router.php(623): Illuminate\\Routing\\Router->dispatchToRoute(Object(Illuminate\\Http\\Request))
#46 /Users/malinka/development/projects/topautocam-cpanel/topautocam/vendor/laravel/framework/src/Illuminate/Foundation/Http/Kernel.php(166): Illuminate\\Routing\\Router->dispatch(Object(Illuminate\\Http\\Request))
#47 /Users/malinka/development/projects/topautocam-cpanel/topautocam/vendor/laravel/framework/src/Illuminate/Pipeline/Pipeline.php(128): Illuminate\\Foundation\\Http\\Kernel->Illuminate\\Foundation\\Http\\{closure}(Object(Illuminate\\Http\\Request))
#48 /Users/malinka/development/projects/topautocam-cpanel/topautocam/vendor/laravel/nova/src/Http/Middleware/ServeNova.php(26): Illuminate\\Pipeline\\Pipeline->Illuminate\\Pipeline\\{closure}(Object(Illuminate\\Http\\Request))
#49 /Users/malinka/development/projects/topautocam-cpanel/topautocam/vendor/laravel/framework/src/Illuminate/Pipeline/Pipeline.php(167): Laravel\\Nova\\Http\\Middleware\\ServeNova->handle(Object(Illuminate\\Http\\Request), Object(Closure))
#50 /Users/malinka/development/projects/topautocam-cpanel/topautocam/vendor/laravel/framework/src/Illuminate/Foundation/Http/Middleware/TransformsRequest.php(21): Illuminate\\Pipeline\\Pipeline->Illuminate\\Pipeline\\{closure}(Object(Illuminate\\Http\\Request))
#51 /Users/malinka/development/projects/topautocam-cpanel/topautocam/vendor/laravel/framework/src/Illuminate/Pipeline/Pipeline.php(167): Illuminate\\Foundation\\Http\\Middleware\\TransformsRequest->handle(Object(Illuminate\\Http\\Request), Object(Closure))
#52 /Users/malinka/development/projects/topautocam-cpanel/topautocam/vendor/laravel/framework/src/Illuminate/Foundation/Http/Middleware/TransformsRequest.php(21): Illuminate\\Pipeline\\Pipeline->Illuminate\\Pipeline\\{closure}(Object(Illuminate\\Http\\Request))
#53 /Users/malinka/development/projects/topautocam-cpanel/topautocam/vendor/laravel/framework/src/Illuminate/Pipeline/Pipeline.php(167): Illuminate\\Foundation\\Http\\Middleware\\TransformsRequest->handle(Object(Illuminate\\Http\\Request), Object(Closure))
#54 /Users/malinka/development/projects/topautocam-cpanel/topautocam/vendor/laravel/framework/src/Illuminate/Foundation/Http/Middleware/ValidatePostSize.php(27): Illuminate\\Pipeline\\Pipeline->Illuminate\\Pipeline\\{closure}(Object(Illuminate\\Http\\Request))
#55 /Users/malinka/development/projects/topautocam-cpanel/topautocam/vendor/laravel/framework/src/Illuminate/Pipeline/Pipeline.php(167): Illuminate\\Foundation\\Http\\Middleware\\ValidatePostSize->handle(Object(Illuminate\\Http\\Request), Object(Closure))
#56 /Users/malinka/development/projects/topautocam-cpanel/topautocam/vendor/laravel/framework/src/Illuminate/Foundation/Http/Middleware/PreventRequestsDuringMaintenance.php(87): Illuminate\\Pipeline\\Pipeline->Illuminate\\Pipeline\\{closure}(Object(Illuminate\\Http\\Request))
#57 /Users/malinka/development/projects/topautocam-cpanel/topautocam/vendor/laravel/framework/src/Illuminate/Pipeline/Pipeline.php(167): Illuminate\\Foundation\\Http\\Middleware\\PreventRequestsDuringMaintenance->handle(Object(Illuminate\\Http\\Request), Object(Closure))
#58 /Users/malinka/development/projects/topautocam-cpanel/topautocam/vendor/fruitcake/laravel-cors/src/HandleCors.php(37): Illuminate\\Pipeline\\Pipeline->Illuminate\\Pipeline\\{closure}(Object(Illuminate\\Http\\Request))
#59 /Users/malinka/development/projects/topautocam-cpanel/topautocam/vendor/laravel/framework/src/Illuminate/Pipeline/Pipeline.php(167): Fruitcake\\Cors\\HandleCors->handle(Object(Illuminate\\Http\\Request), Object(Closure))
#60 /Users/malinka/development/projects/topautocam-cpanel/topautocam/vendor/fideloper/proxy/src/TrustProxies.php(57): Illuminate\\Pipeline\\Pipeline->Illuminate\\Pipeline\\{closure}(Object(Illuminate\\Http\\Request))
#61 /Users/malinka/development/projects/topautocam-cpanel/topautocam/vendor/laravel/framework/src/Illuminate/Pipeline/Pipeline.php(167): Fideloper\\Proxy\\TrustProxies->handle(Object(Illuminate\\Http\\Request), Object(Closure))
#62 /Users/malinka/development/projects/topautocam-cpanel/topautocam/vendor/laravel/framework/src/Illuminate/Pipeline/Pipeline.php(103): Illuminate\\Pipeline\\Pipeline->Illuminate\\Pipeline\\{closure}(Object(Illuminate\\Http\\Request))
#63 /Users/malinka/development/projects/topautocam-cpanel/topautocam/vendor/laravel/framework/src/Illuminate/Foundation/Http/Kernel.php(141): Illuminate\\Pipeline\\Pipeline->then(Object(Closure))
#64 /Users/malinka/development/projects/topautocam-cpanel/topautocam/vendor/laravel/framework/src/Illuminate/Foundation/Http/Kernel.php(110): Illuminate\\Foundation\\Http\\Kernel->sendRequestThroughRouter(Object(Illuminate\\Http\\Request))
#65 /Users/malinka/development/projects/topautocam-cpanel/public_html/index.php(52): Illuminate\\Foundation\\Http\\Kernel->handle(Object(Illuminate\\Http\\Request))
#66 /Users/malinka/development/projects/topautocam-cpanel/topautocam/server.php(21): require_once('/Users/malinka/...')
#67 {main}
"} 
[2021-01-08 09:08:36] local.INFO: Toyota  
[2021-01-08 09:09:13] local.INFO: Toyota  
[2021-01-08 09:09:41] local.INFO: Toyota  
[2021-01-08 09:10:09] local.INFO: Toyota  
[2021-01-08 09:11:39] local.INFO: Toyota  
[2021-01-08 09:12:26] local.INFO: Toyota  
[2021-01-08 09:12:49] local.INFO: Toyota  
[2021-01-08 09:13:42] local.INFO: Toyota  
[2021-01-08 09:14:44] local.INFO: Toyota  
[2021-01-08 09:15:07] local.INFO: Toyota  
[2021-01-08 09:15:15] local.INFO: Toyota  
[2021-01-08 09:15:56] local.INFO: Toyota  
[2021-01-08 09:16:53] local.INFO: Toyota  
[2021-01-08 09:37:47] local.INFO: Toyota  
[2021-01-08 09:38:42] local.INFO: Toyota  
[2021-01-08 09:39:15] local.INFO: Toyota  
[2021-01-08 09:40:07] local.INFO: Toyota  
[2021-01-08 09:41:48] local.INFO: Toyota  
[2021-01-08 09:42:25] local.INFO: Toyota  
[2021-01-08 09:42:34] local.INFO: Toyota  
[2021-01-08 09:43:40] local.INFO: Toyota  
[2021-01-08 09:44:13] local.INFO: Toyota  
[2021-01-08 09:45:21] local.INFO: Toyota  
[2021-01-08 09:45:44] local.INFO: Toyota  
[2021-01-08 09:48:01] local.INFO: Toyota  
[2021-01-08 09:48:03] local.INFO: Toyota  
[2021-01-08 09:50:13] local.INFO: Toyota  
[2021-01-08 09:51:04] local.INFO: Toyota  
[2021-01-08 09:52:19] local.INFO: Toyota  
[2021-01-08 09:52:50] local.INFO: Toyota  
[2021-01-08 09:54:58] local.INFO: Toyota  
[2021-01-08 09:55:39] local.INFO: Toyota  
[2021-01-08 09:56:18] local.INFO: Toyota  
[2021-01-08 09:57:38] local.INFO: Toyota  
[2021-01-08 09:57:44] local.INFO: d  
[2021-01-08 09:57:46] local.INFO:   
[2021-01-08 09:57:47] local.INFO: hell  
[2021-01-08 09:57:47] local.INFO: hello  
[2021-01-08 09:57:48] local.INFO: hell  
[2021-01-08 09:57:48] local.INFO: he  
[2021-01-08 09:57:49] local.INFO: h  
[2021-01-08 09:57:49] local.INFO:   
[2021-01-08 09:57:52] local.INFO: Toyota  
[2021-01-09 11:00:58] local.INFO: Toyota  
[2021-01-09 11:01:09] local.INFO:   
[2021-01-09 11:01:09] local.INFO: bk  
[2021-01-09 11:01:10] local.INFO:   
[2021-01-09 11:01:11] local.INFO: b  
[2021-01-09 11:01:11] local.INFO: bmw  
[2021-01-09 11:01:13] local.INFO:   
[2021-01-09 11:01:16] local.INFO: Toyota  
[2021-01-09 11:01:38] local.INFO: Toyota  
[2021-01-09 11:02:08] local.INFO: Toyota  
[2021-01-09 11:03:27] local.DEBUG: previous locale = en  
[2021-01-09 11:14:05] local.INFO: Toyota  
[2021-01-09 11:14:51] local.DEBUG: previous locale = en  
[2021-01-09 11:14:53] local.DEBUG: previous locale = kh  
[2021-01-09 11:14:59] local.DEBUG: previous locale = en  
[2021-02-03 02:31:09] local.ERROR: syntax error, unexpected '$conversion' (T_VARIABLE), expecting ')' {"exception":"[object] (ParseError(code: 0): syntax error, unexpected '$conversion' (T_VARIABLE), expecting ')' at /Users/malinka/development/projects/topautocam-cpanel/topautocam/vendor/spatie/laravel-medialibrary/src/MediaCollections/Models/Media.php:182)
[stacktrace]
#0 /Users/malinka/development/projects/topautocam-cpanel/topautocam/vendor/composer/ClassLoader.php(322): Composer\\Autoload\\includeFile('/Users/malinka/...')
#1 [internal function]: Composer\\Autoload\\ClassLoader->loadClass('Spatie\\\\MediaLib...')
#2 /Users/malinka/development/projects/topautocam-cpanel/topautocam/vendor/spatie/laravel-medialibrary/src/MediaLibraryServiceProvider.php(23): spl_autoload_call('Spatie\\\\MediaLib...')
#3 [internal function]: Spatie\\MediaLibrary\\MediaLibraryServiceProvider->boot()
#4 /Users/malinka/development/projects/topautocam-cpanel/topautocam/vendor/laravel/framework/src/Illuminate/Container/BoundMethod.php(37): call_user_func_array(Array, Array)
#5 /Users/malinka/development/projects/topautocam-cpanel/topautocam/vendor/laravel/framework/src/Illuminate/Container/Util.php(40): Illuminate\\Container\\BoundMethod::Illuminate\\Container\\{closure}()
#6 /Users/malinka/development/projects/topautocam-cpanel/topautocam/vendor/laravel/framework/src/Illuminate/Container/BoundMethod.php(95): Illuminate\\Container\\Util::unwrapIfClosure(Object(Closure))
#7 /Users/malinka/development/projects/topautocam-cpanel/topautocam/vendor/laravel/framework/src/Illuminate/Container/BoundMethod.php(39): Illuminate\\Container\\BoundMethod::callBoundMethod(Object(Illuminate\\Foundation\\Application), Array, Object(Closure))
#8 /Users/malinka/development/projects/topautocam-cpanel/topautocam/vendor/laravel/framework/src/Illuminate/Container/Container.php(596): Illuminate\\Container\\BoundMethod::call(Object(Illuminate\\Foundation\\Application), Array, Array, NULL)
#9 /Users/malinka/development/projects/topautocam-cpanel/topautocam/vendor/laravel/framework/src/Illuminate/Foundation/Application.php(869): Illuminate\\Container\\Container->call(Array)
#10 /Users/malinka/development/projects/topautocam-cpanel/topautocam/vendor/laravel/framework/src/Illuminate/Foundation/Application.php(850): Illuminate\\Foundation\\Application->bootProvider(Object(Spatie\\MediaLibrary\\MediaLibraryServiceProvider))
#11 [internal function]: Illuminate\\Foundation\\Application->Illuminate\\Foundation\\{closure}(Object(Spatie\\MediaLibrary\\MediaLibraryServiceProvider), 26)
#12 /Users/malinka/development/projects/topautocam-cpanel/topautocam/vendor/laravel/framework/src/Illuminate/Foundation/Application.php(851): array_walk(Array, Object(Closure))
#13 /Users/malinka/development/projects/topautocam-cpanel/topautocam/vendor/laravel/framework/src/Illuminate/Foundation/Bootstrap/BootProviders.php(17): Illuminate\\Foundation\\Application->boot()
#14 /Users/malinka/development/projects/topautocam-cpanel/topautocam/vendor/laravel/framework/src/Illuminate/Foundation/Application.php(230): Illuminate\\Foundation\\Bootstrap\\BootProviders->bootstrap(Object(Illuminate\\Foundation\\Application))
#15 /Users/malinka/development/projects/topautocam-cpanel/topautocam/vendor/laravel/framework/src/Illuminate/Foundation/Console/Kernel.php(310): Illuminate\\Foundation\\Application->bootstrapWith(Array)
#16 /Users/malinka/development/projects/topautocam-cpanel/topautocam/vendor/laravel/framework/src/Illuminate/Foundation/Console/Kernel.php(127): Illuminate\\Foundation\\Console\\Kernel->bootstrap()
#17 /Users/malinka/development/projects/topautocam-cpanel/topautocam/artisan(37): Illuminate\\Foundation\\Console\\Kernel->handle(Object(Symfony\\Component\\Console\\Input\\ArgvInput), Object(Symfony\\Component\\Console\\Output\\ConsoleOutput))
#18 {main}
"} 
[2021-02-03 02:31:49] local.ERROR: syntax error, unexpected '$conversion' (T_VARIABLE), expecting ')' {"exception":"[object] (ParseError(code: 0): syntax error, unexpected '$conversion' (T_VARIABLE), expecting ')' at /Users/malinka/development/projects/topautocam-cpanel/topautocam/vendor/spatie/laravel-medialibrary/src/MediaCollections/Models/Media.php:182)
[stacktrace]
#0 /Users/malinka/development/projects/topautocam-cpanel/topautocam/vendor/composer/ClassLoader.php(322): Composer\\Autoload\\includeFile('/Users/malinka/...')
#1 [internal function]: Composer\\Autoload\\ClassLoader->loadClass('Spatie\\\\MediaLib...')
#2 /Users/malinka/development/projects/topautocam-cpanel/topautocam/vendor/spatie/laravel-medialibrary/src/MediaLibraryServiceProvider.php(23): spl_autoload_call('Spatie\\\\MediaLib...')
#3 [internal function]: Spatie\\MediaLibrary\\MediaLibraryServiceProvider->boot()
#4 /Users/malinka/development/projects/topautocam-cpanel/topautocam/vendor/laravel/framework/src/Illuminate/Container/BoundMethod.php(37): call_user_func_array(Array, Array)
#5 /Users/malinka/development/projects/topautocam-cpanel/topautocam/vendor/laravel/framework/src/Illuminate/Container/Util.php(40): Illuminate\\Container\\BoundMethod::Illuminate\\Container\\{closure}()
#6 /Users/malinka/development/projects/topautocam-cpanel/topautocam/vendor/laravel/framework/src/Illuminate/Container/BoundMethod.php(95): Illuminate\\Container\\Util::unwrapIfClosure(Object(Closure))
#7 /Users/malinka/development/projects/topautocam-cpanel/topautocam/vendor/laravel/framework/src/Illuminate/Container/BoundMethod.php(39): Illuminate\\Container\\BoundMethod::callBoundMethod(Object(Illuminate\\Foundation\\Application), Array, Object(Closure))
#8 /Users/malinka/development/projects/topautocam-cpanel/topautocam/vendor/laravel/framework/src/Illuminate/Container/Container.php(596): Illuminate\\Container\\BoundMethod::call(Object(Illuminate\\Foundation\\Application), Array, Array, NULL)
#9 /Users/malinka/development/projects/topautocam-cpanel/topautocam/vendor/laravel/framework/src/Illuminate/Foundation/Application.php(869): Illuminate\\Container\\Container->call(Array)
#10 /Users/malinka/development/projects/topautocam-cpanel/topautocam/vendor/laravel/framework/src/Illuminate/Foundation/Application.php(850): Illuminate\\Foundation\\Application->bootProvider(Object(Spatie\\MediaLibrary\\MediaLibraryServiceProvider))
#11 [internal function]: Illuminate\\Foundation\\Application->Illuminate\\Foundation\\{closure}(Object(Spatie\\MediaLibrary\\MediaLibraryServiceProvider), 26)
#12 /Users/malinka/development/projects/topautocam-cpanel/topautocam/vendor/laravel/framework/src/Illuminate/Foundation/Application.php(851): array_walk(Array, Object(Closure))
#13 /Users/malinka/development/projects/topautocam-cpanel/topautocam/vendor/laravel/framework/src/Illuminate/Foundation/Bootstrap/BootProviders.php(17): Illuminate\\Foundation\\Application->boot()
#14 /Users/malinka/development/projects/topautocam-cpanel/topautocam/vendor/laravel/framework/src/Illuminate/Foundation/Application.php(230): Illuminate\\Foundation\\Bootstrap\\BootProviders->bootstrap(Object(Illuminate\\Foundation\\Application))
#15 /Users/malinka/development/projects/topautocam-cpanel/topautocam/vendor/laravel/framework/src/Illuminate/Foundation/Console/Kernel.php(310): Illuminate\\Foundation\\Application->bootstrapWith(Array)
#16 /Users/malinka/development/projects/topautocam-cpanel/topautocam/vendor/laravel/framework/src/Illuminate/Foundation/Console/Kernel.php(127): Illuminate\\Foundation\\Console\\Kernel->bootstrap()
#17 /Users/malinka/development/projects/topautocam-cpanel/topautocam/artisan(37): Illuminate\\Foundation\\Console\\Kernel->handle(Object(Symfony\\Component\\Console\\Input\\ArgvInput), Object(Symfony\\Component\\Console\\Output\\ConsoleOutput))
#18 {main}
"} 
[2021-02-03 02:41:49] local.ERROR: syntax error, unexpected '$conversion' (T_VARIABLE), expecting ')' {"exception":"[object] (ParseError(code: 0): syntax error, unexpected '$conversion' (T_VARIABLE), expecting ')' at /Users/malinka/development/projects/topautocam-cpanel/topautocam/vendor/spatie/laravel-medialibrary/src/MediaCollections/Models/Media.php:182)
[stacktrace]
#0 /Users/malinka/development/projects/topautocam-cpanel/topautocam/vendor/composer/ClassLoader.php(322): Composer\\Autoload\\includeFile('/Users/malinka/...')
#1 [internal function]: Composer\\Autoload\\ClassLoader->loadClass('Spatie\\\\MediaLib...')
#2 /Users/malinka/development/projects/topautocam-cpanel/topautocam/vendor/spatie/laravel-medialibrary/src/MediaLibraryServiceProvider.php(23): spl_autoload_call('Spatie\\\\MediaLib...')
#3 [internal function]: Spatie\\MediaLibrary\\MediaLibraryServiceProvider->boot()
#4 /Users/malinka/development/projects/topautocam-cpanel/topautocam/vendor/laravel/framework/src/Illuminate/Container/BoundMethod.php(37): call_user_func_array(Array, Array)
#5 /Users/malinka/development/projects/topautocam-cpanel/topautocam/vendor/laravel/framework/src/Illuminate/Container/Util.php(40): Illuminate\\Container\\BoundMethod::Illuminate\\Container\\{closure}()
#6 /Users/malinka/development/projects/topautocam-cpanel/topautocam/vendor/laravel/framework/src/Illuminate/Container/BoundMethod.php(95): Illuminate\\Container\\Util::unwrapIfClosure(Object(Closure))
#7 /Users/malinka/development/projects/topautocam-cpanel/topautocam/vendor/laravel/framework/src/Illuminate/Container/BoundMethod.php(39): Illuminate\\Container\\BoundMethod::callBoundMethod(Object(Illuminate\\Foundation\\Application), Array, Object(Closure))
#8 /Users/malinka/development/projects/topautocam-cpanel/topautocam/vendor/laravel/framework/src/Illuminate/Container/Container.php(596): Illuminate\\Container\\BoundMethod::call(Object(Illuminate\\Foundation\\Application), Array, Array, NULL)
#9 /Users/malinka/development/projects/topautocam-cpanel/topautocam/vendor/laravel/framework/src/Illuminate/Foundation/Application.php(869): Illuminate\\Container\\Container->call(Array)
#10 /Users/malinka/development/projects/topautocam-cpanel/topautocam/vendor/laravel/framework/src/Illuminate/Foundation/Application.php(850): Illuminate\\Foundation\\Application->bootProvider(Object(Spatie\\MediaLibrary\\MediaLibraryServiceProvider))
#11 [internal function]: Illuminate\\Foundation\\Application->Illuminate\\Foundation\\{closure}(Object(Spatie\\MediaLibrary\\MediaLibraryServiceProvider), 26)
#12 /Users/malinka/development/projects/topautocam-cpanel/topautocam/vendor/laravel/framework/src/Illuminate/Foundation/Application.php(851): array_walk(Array, Object(Closure))
#13 /Users/malinka/development/projects/topautocam-cpanel/topautocam/vendor/laravel/framework/src/Illuminate/Foundation/Bootstrap/BootProviders.php(17): Illuminate\\Foundation\\Application->boot()
#14 /Users/malinka/development/projects/topautocam-cpanel/topautocam/vendor/laravel/framework/src/Illuminate/Foundation/Application.php(230): Illuminate\\Foundation\\Bootstrap\\BootProviders->bootstrap(Object(Illuminate\\Foundation\\Application))
#15 /Users/malinka/development/projects/topautocam-cpanel/topautocam/vendor/laravel/framework/src/Illuminate/Foundation/Console/Kernel.php(310): Illuminate\\Foundation\\Application->bootstrapWith(Array)
#16 /Users/malinka/development/projects/topautocam-cpanel/topautocam/vendor/laravel/framework/src/Illuminate/Foundation/Console/Kernel.php(127): Illuminate\\Foundation\\Console\\Kernel->bootstrap()
#17 /Users/malinka/development/projects/topautocam-cpanel/topautocam/artisan(37): Illuminate\\Foundation\\Console\\Kernel->handle(Object(Symfony\\Component\\Console\\Input\\ArgvInput), Object(Symfony\\Component\\Console\\Output\\ConsoleOutput))
#18 {main}
"} 
[2021-02-03 02:59:56] local.DEBUG: previous locale = en  
[2021-02-03 02:59:58] local.DEBUG: previous locale = kh  
[2021-02-03 03:00:00] local.INFO: Toyota  
[2021-02-03 03:01:08] local.DEBUG: previous locale = en  
[2021-02-03 03:01:46] local.DEBUG: previous locale = kh  
[2021-02-03 03:01:48] local.DEBUG: previous locale = en  
[2021-02-03 03:01:50] local.DEBUG: previous locale = kh  
